\BOOKMARK [1][-]{section.1}{\376\377\227\000\154\102\122\006\147\220}{}% 1
\BOOKMARK [1][-]{section.2}{\376\377\121\163\225\056\133\127\133\232\116\111\116\016\145\207\154\325\213\276\213\241}{}% 2
\BOOKMARK [2][-]{subsection.2.1}{\376\377\121\163\225\056\133\127\133\232\116\111}{section.2}% 3
\BOOKMARK [2][-]{subsection.2.2}{\376\377\145\207\154\325\213\276\213\241}{section.2}% 4
\BOOKMARK [1][-]{section.3}{\376\377\174\373\176\337\213\276\213\241}{}% 5
\BOOKMARK [2][-]{subsection.3.1}{\376\377\177\026\213\321\126\150\150\106\147\266}{section.3}% 6
\BOOKMARK [2][-]{subsection.3.2}{\376\377\150\070\137\303\145\160\143\156\176\323\147\204}{section.3}% 7
\BOOKMARK [2][-]{subsection.3.3}{\376\377\116\073\211\201\121\375\145\160\122\237\200\375}{section.3}% 8
\BOOKMARK [3][-]{subsubsection.3.3.1}{\376\377\000L\000e\000x\000e\000r\116\073\211\201\121\375\145\160\122\237\200\375}{subsection.3.3}% 9
\BOOKMARK [3][-]{subsubsection.3.3.2}{\376\377\000P\000a\000r\000s\000e\000r\116\073\211\201\121\375\145\160\122\237\200\375}{subsection.3.3}% 10
\BOOKMARK [1][-]{section.4}{\376\377\174\373\176\337\133\236\163\260}{}% 11
\BOOKMARK [2][-]{subsection.4.1}{\376\377\156\220\145\207\116\366}{section.4}% 12
\BOOKMARK [2][-]{subsection.4.2}{\376\377\213\355\154\325\122\006\147\220\210\150}{section.4}% 13
\BOOKMARK [2][-]{subsection.4.3}{\376\377\000T\000o\000k\000e\000n\136\217\122\027}{section.4}% 14
\BOOKMARK [2][-]{subsection.4.4}{\376\377\116\247\165\037\137\017\136\217\122\027}{section.4}% 15
\BOOKMARK [2][-]{subsection.4.5}{\376\377\116\055\225\364\116\343\170\001}{section.4}% 16
\BOOKMARK [2][-]{subsection.4.6}{\376\377\226\104\122\240\377\032\116\343\170\001\117\030\123\026}{section.4}% 17
\BOOKMARK [1][-]{appendix.A}{\376\377\156\220\116\343\170\001}{}% 18
\BOOKMARK [1][-]{appendix.B}{\376\377\000G\000U\000I\134\125\171\072}{}% 19
\BOOKMARK [1][-]{appendix.C}{\376\377\123\302\200\003\145\207\163\056}{}% 20
